2025-05-15 16:16:51.236 [info] Extension host with pid 997 started
2025-05-15 16:16:51.579 [info] ExtensionService#_doActivateExtension vscode.github-authentication, startup: false, activationEvent: 'onAuthenticationRequest:github'
2025-05-15 16:16:51.751 [info] ExtensionService#_doActivateExtension vscode.git-base, startup: true, activationEvent: '*', root cause: vscode.git
2025-05-15 16:16:51.998 [info] ExtensionService#_doActivateExtension vscode.git, startup: true, activationEvent: '*'
2025-05-15 16:16:52.084 [info] ExtensionService#_doActivateExtension vscode.github, startup: true, activationEvent: '*'
2025-05-15 16:16:52.351 [info] Eager extensions activated
2025-05-15 16:16:52.503 [info] ExtensionService#_doActivateExtension vscode.debug-auto-launch, startup: false, activationEvent: 'onStartupFinished'
2025-05-15 16:16:52.506 [info] ExtensionService#_doActivateExtension vscode.merge-conflict, startup: false, activationEvent: 'onStartupFinished'
2025-05-15 16:17:03.448 [info] ExtensionService#_doActivateExtension vscode.emmet, startup: false, activationEvent: 'onLanguage'
2025-05-15 16:17:11.045 [info] ExtensionService#_doActivateExtension vscode.configuration-editing, startup: false, activationEvent: 'onLanguage:jsonc'
2025-05-15 16:17:11.057 [info] ExtensionService#_doActivateExtension vscode.json-language-features, startup: false, activationEvent: 'onLanguage:jsonc'
2025-05-15 16:17:11.182 [info] ExtensionService#_doActivateExtension vscode.typescript-language-features, startup: false, activationEvent: 'onLanguage:jsonc'
2025-05-15 16:38:01.620 [info] Extension host terminating: renderer closed the MessagePort
2025-05-15 16:38:01.695 [info] Extension host with pid 997 exiting with code 0
2025-05-15 16:38:03.876 [info] Extension host with pid 2525 started
2025-05-15 16:38:03.876 [info] Skipping acquiring lock for /home/abdullax080/.config/Code/User/workspaceStorage/1f022cd727069e479295d2c2131f4138.
2025-05-15 16:38:03.907 [info] ExtensionService#_doActivateExtension vscode.github-authentication, startup: false, activationEvent: 'onAuthenticationRequest:github'
2025-05-15 16:38:03.962 [info] ExtensionService#_doActivateExtension vscode.emmet, startup: false, activationEvent: 'onLanguage'
2025-05-15 16:38:04.281 [info] ExtensionService#_doActivateExtension vscode.git-base, startup: true, activationEvent: '*'
2025-05-15 16:38:04.305 [info] ExtensionService#_doActivateExtension vscode.github, startup: true, activationEvent: '*'
2025-05-15 16:38:04.373 [info] Eager extensions activated
2025-05-15 16:38:04.387 [info] ExtensionService#_doActivateExtension vscode.debug-auto-launch, startup: false, activationEvent: 'onStartupFinished'
2025-05-15 16:38:04.393 [info] ExtensionService#_doActivateExtension vscode.merge-conflict, startup: false, activationEvent: 'onStartupFinished'
2025-05-15 16:38:09.370 [info] ExtensionService#_doActivateExtension vscode.git, startup: false, activationEvent: 'api', root cause: vscode.github
2025-05-15 16:39:47.726 [info] ExtensionService#_doActivateExtension xyz.local-history, startup: false, activationEvent: '*'
2025-05-15 16:41:31.819 [info] ExtensionService#_doActivateExtension vscode.npm, startup: false, activationEvent: 'onTerminalQuickFixRequest:ms-vscode.npm-command'
